<?xml version="1.0" encoding="UTF-8"?>
<testsuite xmlns:xsi="http://www.w3.org/2001/XMLSchema-instance" xsi:noNamespaceSchemaLocation="https://maven.apache.org/surefire/maven-surefire-plugin/xsd/surefire-test-report-3.0.xsd" version="3.0" name="com.planifai.view.MainFrameTest" time="7.652" tests="5" errors="0" skipped="0" failures="5">
  <properties>
    <property name="java.specification.version" value="21"/>
    <property name="sun.cpu.isalist" value="amd64"/>
    <property name="sun.jnu.encoding" value="Cp1252"/>
    <property name="sun.awt.enableExtraMouseButtons" value="true"/>
    <property name="java.class.path" value="C:\Users\marta\Escritorio\PlanifAI\target\test-classes;C:\Users\marta\Escritorio\PlanifAI\target\classes;C:\Users\marta\.m2\repository\org\postgresql\postgresql\42.7.4\postgresql-42.7.4.jar;C:\Users\marta\.m2\repository\org\checkerframework\checker-qual\3.42.0\checker-qual-3.42.0.jar;C:\Users\marta\.m2\repository\org\junit\jupiter\junit-jupiter-api\5.10.3\junit-jupiter-api-5.10.3.jar;C:\Users\marta\.m2\repository\org\opentest4j\opentest4j\1.3.0\opentest4j-1.3.0.jar;C:\Users\marta\.m2\repository\org\junit\platform\junit-platform-commons\1.10.3\junit-platform-commons-1.10.3.jar;C:\Users\marta\.m2\repository\org\apiguardian\apiguardian-api\1.1.2\apiguardian-api-1.1.2.jar;C:\Users\marta\.m2\repository\org\junit\jupiter\junit-jupiter-params\5.10.3\junit-jupiter-params-5.10.3.jar;C:\Users\marta\.m2\repository\org\junit\jupiter\junit-jupiter-engine\5.10.3\junit-jupiter-engine-5.10.3.jar;C:\Users\marta\.m2\repository\org\junit\platform\junit-platform-engine\1.10.3\junit-platform-engine-1.10.3.jar;C:\Users\marta\.m2\repository\com\squareup\okhttp3\okhttp\5.0.0-alpha.14\okhttp-5.0.0-alpha.14.jar;C:\Users\marta\.m2\repository\com\squareup\okio\okio-jvm\3.9.0\okio-jvm-3.9.0.jar;C:\Users\marta\.m2\repository\org\jetbrains\kotlin\kotlin-stdlib\1.9.23\kotlin-stdlib-1.9.23.jar;C:\Users\marta\.m2\repository\org\jetbrains\annotations\13.0\annotations-13.0.jar;C:\Users\marta\.m2\repository\org\json\json\20240303\json-20240303.jar;C:\Users\marta\.m2\repository\com\itextpdf\itextpdf\5.5.13.4\itextpdf-5.5.13.4.jar;"/>
    <property name="java.vm.vendor" value="Oracle Corporation"/>
    <property name="sun.arch.data.model" value="64"/>
    <property name="user.variant" value=""/>
    <property name="java.vendor.url" value="https://java.oracle.com/"/>
    <property name="user.timezone" value="Europe/Madrid"/>
    <property name="os.name" value="Windows 11"/>
    <property name="java.vm.specification.version" value="21"/>
    <property name="user.country" value="ES"/>
    <property name="sun.java.launcher" value="SUN_STANDARD"/>
    <property name="sun.boot.library.path" value="C:\Program Files\Java\jdk-21\bin"/>
    <property name="sun.java.command" value="C:\Users\marta\AppData\Local\Temp\surefire7725393312603760145\surefirebooter-20241126184010422_3.jar C:\Users\marta\AppData\Local\Temp\surefire7725393312603760145 2024-11-26T18-40-10_198-jvmRun1 surefire-20241126184010422_1tmp surefire_0-20241126184010422_2tmp"/>
    <property name="jdk.debug" value="release"/>
    <property name="surefire.test.class.path" value="C:\Users\marta\Escritorio\PlanifAI\target\test-classes;C:\Users\marta\Escritorio\PlanifAI\target\classes;C:\Users\marta\.m2\repository\org\postgresql\postgresql\42.7.4\postgresql-42.7.4.jar;C:\Users\marta\.m2\repository\org\checkerframework\checker-qual\3.42.0\checker-qual-3.42.0.jar;C:\Users\marta\.m2\repository\org\junit\jupiter\junit-jupiter-api\5.10.3\junit-jupiter-api-5.10.3.jar;C:\Users\marta\.m2\repository\org\opentest4j\opentest4j\1.3.0\opentest4j-1.3.0.jar;C:\Users\marta\.m2\repository\org\junit\platform\junit-platform-commons\1.10.3\junit-platform-commons-1.10.3.jar;C:\Users\marta\.m2\repository\org\apiguardian\apiguardian-api\1.1.2\apiguardian-api-1.1.2.jar;C:\Users\marta\.m2\repository\org\junit\jupiter\junit-jupiter-params\5.10.3\junit-jupiter-params-5.10.3.jar;C:\Users\marta\.m2\repository\org\junit\jupiter\junit-jupiter-engine\5.10.3\junit-jupiter-engine-5.10.3.jar;C:\Users\marta\.m2\repository\org\junit\platform\junit-platform-engine\1.10.3\junit-platform-engine-1.10.3.jar;C:\Users\marta\.m2\repository\com\squareup\okhttp3\okhttp\5.0.0-alpha.14\okhttp-5.0.0-alpha.14.jar;C:\Users\marta\.m2\repository\com\squareup\okio\okio-jvm\3.9.0\okio-jvm-3.9.0.jar;C:\Users\marta\.m2\repository\org\jetbrains\kotlin\kotlin-stdlib\1.9.23\kotlin-stdlib-1.9.23.jar;C:\Users\marta\.m2\repository\org\jetbrains\annotations\13.0\annotations-13.0.jar;C:\Users\marta\.m2\repository\org\json\json\20240303\json-20240303.jar;C:\Users\marta\.m2\repository\com\itextpdf\itextpdf\5.5.13.4\itextpdf-5.5.13.4.jar;"/>
    <property name="sun.cpu.endian" value="little"/>
    <property name="user.home" value="C:\Users\marta"/>
    <property name="user.language" value="es"/>
    <property name="java.specification.vendor" value="Oracle Corporation"/>
    <property name="java.version.date" value="2024-10-15"/>
    <property name="java.home" value="C:\Program Files\Java\jdk-21"/>
    <property name="file.separator" value="\"/>
    <property name="basedir" value="C:\Users\marta\Escritorio\PlanifAI"/>
    <property name="java.vm.compressedOopsMode" value="Zero based"/>
    <property name="line.separator" value="&#10;"/>
    <property name="java.vm.specification.vendor" value="Oracle Corporation"/>
    <property name="java.specification.name" value="Java Platform API Specification"/>
    <property name="surefire.real.class.path" value="C:\Users\marta\AppData\Local\Temp\surefire7725393312603760145\surefirebooter-20241126184010422_3.jar"/>
    <property name="user.script" value=""/>
    <property name="sun.management.compiler" value="HotSpot 64-Bit Tiered Compilers"/>
    <property name="java.runtime.version" value="21.0.5+9-LTS-239"/>
    <property name="user.name" value="marta"/>
    <property name="stdout.encoding" value="Cp1252"/>
    <property name="path.separator" value=";"/>
    <property name="os.version" value="10.0"/>
    <property name="java.runtime.name" value="Java(TM) SE Runtime Environment"/>
    <property name="file.encoding" value="UTF-8"/>
    <property name="java.vm.name" value="Java HotSpot(TM) 64-Bit Server VM"/>
    <property name="maven.ext.class.path" value="C:\Program Files\NetBeans-23\netbeans\java\maven-nblib\netbeans-eventspy.jar"/>
    <property name="localRepository" value="C:\Users\marta\.m2\repository"/>
    <property name="java.vendor.url.bug" value="https://bugreport.java.com/bugreport/"/>
    <property name="java.io.tmpdir" value="C:\Users\marta\AppData\Local\Temp\"/>
    <property name="java.version" value="21.0.5"/>
    <property name="user.dir" value="C:\Users\marta\Escritorio\PlanifAI"/>
    <property name="os.arch" value="amd64"/>
    <property name="java.vm.specification.name" value="Java Virtual Machine Specification"/>
    <property name="sun.os.patch.level" value=""/>
    <property name="native.encoding" value="Cp1252"/>
    <property name="java.library.path" value="C:\Program Files\Java\jdk-21\bin;C:\Windows\Sun\Java\bin;C:\Windows\system32;C:\Windows;C:\Program Files\Common Files\Oracle\Java\javapath;C:\Windows\system32;C:\Windows;C:\Windows\System32\Wbem;C:\Windows\System32\WindowsPowerShell\v1.0\;C:\Windows\System32\OpenSSH\;C:\Users\mrt\AppData\Local\Android\Sdk\platform-tools;C:\Program Files\Calibre2\;C:\Program Files\Git\cmd;C:\Program Files\Java\jdk-21\bin;C:\Program Files\dotnet\;C:\Program Files\PostgreSQL\16\bin;C:\Program Files (x86)\Maven\apache-maven-3.9.9\bin;C:\Program Files\Go\bin;C:\Program Files\Docker\Docker\resources\bin;C:\Program Files\Java\jdk-21\bin;C:\Program Files\MySQL\MySQL Shell 8.0\bin\;C:\Users\marta\AppData\Local\Programs\Python\Launcher\;%USERPROFILE%\AppData\Local\Microsoft\WindowsApps;C:\Users\marta\AppData\Local\Programs\Microsoft VS Code\bin;%USERPROFILE%\.dotnet\tools;%USERPROFILE%\go\bin;C:\Users\marta\AppData\Local\GitHubDesktop\bin;%IntelliJ IDEA%;C:\exercism;."/>
    <property name="java.vm.info" value="mixed mode, sharing"/>
    <property name="stderr.encoding" value="Cp1252"/>
    <property name="java.vendor" value="Oracle Corporation"/>
    <property name="java.vm.version" value="21.0.5+9-LTS-239"/>
    <property name="sun.io.unicode.encoding" value="UnicodeLittle"/>
    <property name="java.class.version" value="65.0"/>
  </properties>
  <testcase name="testCargarAulas" classname="com.planifai.view.MainFrameTest" time="2.579">
    <failure message="The test case is a prototype." type="org.opentest4j.AssertionFailedError"><![CDATA[org.opentest4j.AssertionFailedError: The test case is a prototype.
	at org.junit.jupiter.api.AssertionUtils.fail(AssertionUtils.java:38)
	at org.junit.jupiter.api.Assertions.fail(Assertions.java:138)
	at com.planifai.view.MainFrameTest.testCargarAulas(MainFrameTest.java:48)
	at java.base/java.lang.reflect.Method.invoke(Method.java:580)
	at java.base/java.util.ArrayList.forEach(ArrayList.java:1596)
	at java.base/java.util.ArrayList.forEach(ArrayList.java:1596)
]]></failure>
    <system-out><![CDATA[Conexión exitosa a la base de datos
Conexión exitosa a la base de datos
Cantidad de eventos obtenidos: 5
Documento: Plan de clase de matemáticas
Documento: Evaluación de historia
Documento: Plan de clase de matemáticas
Documento: Evaluación de historia
Documento: Título del Documento 1
Conexión exitosa a la base de datos
Cantidad de eventos obtenidos: 1
Evento: Reunión de coordinación
Conexión exitosa a la base de datos
Cantidad de eventos obtenidos: 5
Documento: Plan de clase de matemáticas
Documento: Evaluación de historia
Documento: Plan de clase de matemáticas
Documento: Evaluación de historia
Documento: Título del Documento 1
Conexión exitosa a la base de datos
Cantidad de eventos obtenidos: 1
Evento: Reunión de coordinación
Conexión exitosa a la base de datos
Cantidad de eventos obtenidos: 5
Documento: Plan de clase de matemáticas
Documento: Evaluación de historia
Documento: Plan de clase de matemáticas
Documento: Evaluación de historia
Documento: Título del Documento 1
Conexión exitosa a la base de datos
Cantidad de eventos obtenidos: 1
Evento: Reunión de coordinación
Conexión exitosa a la base de datos
Evento: Reunión de coordinación
Conexión exitosa a la base de datos
Documento: Plan de clase de matemáticas
Documento: Evaluación de historia
Documento: Plan de clase de matemáticas
Documento: Evaluación de historia
Documento: Título del Documento 1
cargarAulas
Conexión exitosa a la base de datos
Conexión exitosa a la base de datos
Cantidad de eventos obtenidos: 5
Documento: Plan de clase de matemáticas
Documento: Evaluación de historia
Documento: Plan de clase de matemáticas
Documento: Evaluación de historia
Documento: Título del Documento 1
Conexión exitosa a la base de datos
Cantidad de eventos obtenidos: 1
Evento: Reunión de coordinación
Conexión exitosa a la base de datos
Cantidad de eventos obtenidos: 5
Documento: Plan de clase de matemáticas
Documento: Evaluación de historia
Documento: Plan de clase de matemáticas
Documento: Evaluación de historia
Documento: Título del Documento 1
Conexión exitosa a la base de datos
Cantidad de eventos obtenidos: 1
Evento: Reunión de coordinación
Conexión exitosa a la base de datos
Cantidad de eventos obtenidos: 5
Documento: Plan de clase de matemáticas
Documento: Evaluación de historia
Documento: Plan de clase de matemáticas
Documento: Evaluación de historia
Documento: Título del Documento 1
Conexión exitosa a la base de datos
Cantidad de eventos obtenidos: 1
Evento: Reunión de coordinación
Conexión exitosa a la base de datos
Evento: Reunión de coordinación
Conexión exitosa a la base de datos
Documento: Plan de clase de matemáticas
Documento: Evaluación de historia
Documento: Plan de clase de matemáticas
Documento: Evaluación de historia
Documento: Título del Documento 1
Conexión exitosa a la base de datos
Conexión exitosa a la base de datos
Cantidad de eventos obtenidos: 5
Documento: Plan de clase de matemáticas
Documento: Evaluación de historia
Documento: Plan de clase de matemáticas
Documento: Evaluación de historia
Documento: Título del Documento 1
Conexión exitosa a la base de datos
Cantidad de eventos obtenidos: 1
Evento: Reunión de coordinación
Conexión exitosa a la base de datos
Cantidad de eventos obtenidos: 5
Documento: Plan de clase de matemáticas
Documento: Evaluación de historia
Documento: Plan de clase de matemáticas
Documento: Evaluación de historia
Documento: Título del Documento 1
Conexión exitosa a la base de datos
Cantidad de eventos obtenidos: 1
Evento: Reunión de coordinación
Conexión exitosa a la base de datos
Cantidad de eventos obtenidos: 5
Documento: Plan de clase de matemáticas
Documento: Evaluación de historia
Documento: Plan de clase de matemáticas
Documento: Evaluación de historia
Documento: Título del Documento 1
Conexión exitosa a la base de datos
Cantidad de eventos obtenidos: 1
Evento: Reunión de coordinación
]]></system-out>
  </testcase>
  <testcase name="testCargarEventos" classname="com.planifai.view.MainFrameTest" time="1.072">
    <failure message="The test case is a prototype." type="org.opentest4j.AssertionFailedError"><![CDATA[org.opentest4j.AssertionFailedError: The test case is a prototype.
	at org.junit.jupiter.api.AssertionUtils.fail(AssertionUtils.java:38)
	at org.junit.jupiter.api.Assertions.fail(Assertions.java:138)
	at com.planifai.view.MainFrameTest.testCargarEventos(MainFrameTest.java:60)
	at java.base/java.lang.reflect.Method.invoke(Method.java:580)
	at java.base/java.util.ArrayList.forEach(ArrayList.java:1596)
	at java.base/java.util.ArrayList.forEach(ArrayList.java:1596)
]]></failure>
    <system-out><![CDATA[Conexión exitosa a la base de datos
Conexión exitosa a la base de datos
Cantidad de eventos obtenidos: 5
Documento: Plan de clase de matemáticas
Documento: Evaluación de historia
Documento: Plan de clase de matemáticas
Documento: Evaluación de historia
Documento: Título del Documento 1
Conexión exitosa a la base de datos
Cantidad de eventos obtenidos: 1
Evento: Reunión de coordinación
Conexión exitosa a la base de datos
Cantidad de eventos obtenidos: 5
Documento: Plan de clase de matemáticas
Documento: Evaluación de historia
Documento: Plan de clase de matemáticas
Documento: Evaluación de historia
Documento: Título del Documento 1
Conexión exitosa a la base de datos
Cantidad de eventos obtenidos: 1
Evento: Reunión de coordinación
Conexión exitosa a la base de datos
Cantidad de eventos obtenidos: 5
Documento: Plan de clase de matemáticas
Documento: Evaluación de historia
Documento: Plan de clase de matemáticas
Documento: Evaluación de historia
Documento: Título del Documento 1
Conexión exitosa a la base de datos
Cantidad de eventos obtenidos: 1
Evento: Reunión de coordinación
Conexión exitosa a la base de datos
Evento: Reunión de coordinación
Conexión exitosa a la base de datos
Documento: Plan de clase de matemáticas
Documento: Evaluación de historia
Documento: Plan de clase de matemáticas
Documento: Evaluación de historia
Documento: Título del Documento 1
cargarEventos
Conexión exitosa a la base de datos
Conexión exitosa a la base de datos
Cantidad de eventos obtenidos: 5
Documento: Plan de clase de matemáticas
Documento: Evaluación de historia
Documento: Plan de clase de matemáticas
Documento: Evaluación de historia
Documento: Título del Documento 1
Conexión exitosa a la base de datos
Cantidad de eventos obtenidos: 1
Evento: Reunión de coordinación
Conexión exitosa a la base de datos
Cantidad de eventos obtenidos: 5
Documento: Plan de clase de matemáticas
Documento: Evaluación de historia
Documento: Plan de clase de matemáticas
Documento: Evaluación de historia
Documento: Título del Documento 1
Conexión exitosa a la base de datos
Cantidad de eventos obtenidos: 1
Evento: Reunión de coordinación
Conexión exitosa a la base de datos
Cantidad de eventos obtenidos: 5
Documento: Plan de clase de matemáticas
Documento: Evaluación de historia
Documento: Plan de clase de matemáticas
Documento: Evaluación de historia
Documento: Título del Documento 1
Conexión exitosa a la base de datos
Cantidad de eventos obtenidos: 1
Evento: Reunión de coordinación
Conexión exitosa a la base de datos
Evento: Reunión de coordinación
Conexión exitosa a la base de datos
Documento: Plan de clase de matemáticas
Documento: Evaluación de historia
Documento: Plan de clase de matemáticas
Documento: Evaluación de historia
Documento: Título del Documento 1
Conexión exitosa a la base de datos
Evento: Reunión de coordinación
]]></system-out>
  </testcase>
  <testcase name="testMain" classname="com.planifai.view.MainFrameTest" time="0.775">
    <failure message="The test case is a prototype." type="org.opentest4j.AssertionFailedError"><![CDATA[org.opentest4j.AssertionFailedError: The test case is a prototype.
	at org.junit.jupiter.api.AssertionUtils.fail(AssertionUtils.java:38)
	at org.junit.jupiter.api.Assertions.fail(Assertions.java:138)
	at com.planifai.view.MainFrameTest.testMain(MainFrameTest.java:84)
	at java.base/java.lang.reflect.Method.invoke(Method.java:580)
	at java.base/java.util.ArrayList.forEach(ArrayList.java:1596)
	at java.base/java.util.ArrayList.forEach(ArrayList.java:1596)
]]></failure>
    <system-out><![CDATA[Conexión exitosa a la base de datos
Conexión exitosa a la base de datos
Cantidad de eventos obtenidos: 5
Documento: Plan de clase de matemáticas
Documento: Evaluación de historia
Documento: Plan de clase de matemáticas
Documento: Evaluación de historia
Documento: Título del Documento 1
Conexión exitosa a la base de datos
Cantidad de eventos obtenidos: 1
Evento: Reunión de coordinación
Conexión exitosa a la base de datos
Cantidad de eventos obtenidos: 5
Documento: Plan de clase de matemáticas
Documento: Evaluación de historia
Documento: Plan de clase de matemáticas
Documento: Evaluación de historia
Documento: Título del Documento 1
Conexión exitosa a la base de datos
Cantidad de eventos obtenidos: 1
Evento: Reunión de coordinación
Conexión exitosa a la base de datos
Cantidad de eventos obtenidos: 5
Documento: Plan de clase de matemáticas
Documento: Evaluación de historia
Documento: Plan de clase de matemáticas
Documento: Evaluación de historia
Documento: Título del Documento 1
Conexión exitosa a la base de datos
Cantidad de eventos obtenidos: 1
Evento: Reunión de coordinación
Conexión exitosa a la base de datos
Evento: Reunión de coordinación
Conexión exitosa a la base de datos
Documento: Plan de clase de matemáticas
Documento: Evaluación de historia
Documento: Plan de clase de matemáticas
Documento: Evaluación de historia
Documento: Título del Documento 1
main
]]></system-out>
  </testcase>
  <testcase name="testCargarDocumentos" classname="com.planifai.view.MainFrameTest" time="1.589">
    <failure message="The test case is a prototype." type="org.opentest4j.AssertionFailedError"><![CDATA[org.opentest4j.AssertionFailedError: The test case is a prototype.
	at org.junit.jupiter.api.AssertionUtils.fail(AssertionUtils.java:38)
	at org.junit.jupiter.api.Assertions.fail(Assertions.java:138)
	at com.planifai.view.MainFrameTest.testCargarDocumentos(MainFrameTest.java:72)
	at java.base/java.lang.reflect.Method.invoke(Method.java:580)
	at java.base/java.util.ArrayList.forEach(ArrayList.java:1596)
	at java.base/java.util.ArrayList.forEach(ArrayList.java:1596)
]]></failure>
    <system-out><![CDATA[Conexión exitosa a la base de datos
Conexión exitosa a la base de datos
Conexión exitosa a la base de datos
Cantidad de eventos obtenidos: 5
Documento: Plan de clase de matemáticas
Documento: Evaluación de historia
Documento: Plan de clase de matemáticas
Documento: Evaluación de historia
Documento: Título del Documento 1
Conexión exitosa a la base de datos
Cantidad de eventos obtenidos: 5
Documento: Plan de clase de matemáticas
Documento: Evaluación de historia
Documento: Plan de clase de matemáticas
Documento: Evaluación de historia
Documento: Título del Documento 1
Conexión exitosa a la base de datos
Cantidad de eventos obtenidos: 1
Evento: Reunión de coordinación
Conexión exitosa a la base de datos
Cantidad de eventos obtenidos: 1
Evento: Reunión de coordinación
Conexión exitosa a la base de datos
Cantidad de eventos obtenidos: 5
Documento: Plan de clase de matemáticas
Documento: Evaluación de historia
Documento: Plan de clase de matemáticas
Documento: Evaluación de historia
Documento: Título del Documento 1
Conexión exitosa a la base de datos
Cantidad de eventos obtenidos: 5
Documento: Plan de clase de matemáticas
Documento: Evaluación de historia
Documento: Plan de clase de matemáticas
Documento: Evaluación de historia
Documento: Título del Documento 1
Conexión exitosa a la base de datos
Cantidad de eventos obtenidos: 1
Evento: Reunión de coordinación
Conexión exitosa a la base de datos
Cantidad de eventos obtenidos: 1
Evento: Reunión de coordinación
Conexión exitosa a la base de datos
Cantidad de eventos obtenidos: 5
Documento: Plan de clase de matemáticas
Documento: Evaluación de historia
Documento: Plan de clase de matemáticas
Documento: Evaluación de historia
Documento: Título del Documento 1
Conexión exitosa a la base de datos
Cantidad de eventos obtenidos: 1
Evento: Reunión de coordinación
Conexión exitosa a la base de datos
Evento: Reunión de coordinación
Conexión exitosa a la base de datos
Cantidad de eventos obtenidos: 5
Documento: Plan de clase de matemáticas
Documento: Evaluación de historia
Documento: Plan de clase de matemáticas
Documento: Evaluación de historia
Documento: Título del Documento 1
Conexión exitosa a la base de datos
Documento: Plan de clase de matemáticas
Documento: Evaluación de historia
Documento: Plan de clase de matemáticas
Documento: Evaluación de historia
Documento: Título del Documento 1
Conexión exitosa a la base de datos
Cantidad de eventos obtenidos: 1
Evento: Reunión de coordinación
Conexión exitosa a la base de datos
Evento: Reunión de coordinación
Conexión exitosa a la base de datos
Documento: Plan de clase de matemáticas
Documento: Evaluación de historia
Documento: Plan de clase de matemáticas
Documento: Evaluación de historia
Documento: Título del Documento 1
cargarDocumentos
Conexión exitosa a la base de datos
Conexión exitosa a la base de datos
Cantidad de eventos obtenidos: 5
Documento: Plan de clase de matemáticas
Documento: Evaluación de historia
Documento: Plan de clase de matemáticas
Documento: Evaluación de historia
Documento: Título del Documento 1
Conexión exitosa a la base de datos
Cantidad de eventos obtenidos: 1
Evento: Reunión de coordinación
Conexión exitosa a la base de datos
Cantidad de eventos obtenidos: 5
Documento: Plan de clase de matemáticas
Documento: Evaluación de historia
Documento: Plan de clase de matemáticas
Documento: Evaluación de historia
Documento: Título del Documento 1
Conexión exitosa a la base de datos
Cantidad de eventos obtenidos: 1
Evento: Reunión de coordinación
Conexión exitosa a la base de datos
Cantidad de eventos obtenidos: 5
Documento: Plan de clase de matemáticas
Documento: Evaluación de historia
Documento: Plan de clase de matemáticas
Documento: Evaluación de historia
Documento: Título del Documento 1
Conexión exitosa a la base de datos
Cantidad de eventos obtenidos: 1
Evento: Reunión de coordinación
Conexión exitosa a la base de datos
Evento: Reunión de coordinación
Conexión exitosa a la base de datos
Documento: Plan de clase de matemáticas
Documento: Evaluación de historia
Documento: Plan de clase de matemáticas
Documento: Evaluación de historia
Documento: Título del Documento 1
Conexión exitosa a la base de datos
Documento: Plan de clase de matemáticas
Documento: Evaluación de historia
Documento: Plan de clase de matemáticas
Documento: Evaluación de historia
Documento: Título del Documento 1
]]></system-out>
  </testcase>
  <testcase name="testOnAulaChanged" classname="com.planifai.view.MainFrameTest" time="1.589">
    <failure message="The test case is a prototype." type="org.opentest4j.AssertionFailedError"><![CDATA[org.opentest4j.AssertionFailedError: The test case is a prototype.
	at org.junit.jupiter.api.AssertionUtils.fail(AssertionUtils.java:38)
	at org.junit.jupiter.api.Assertions.fail(Assertions.java:138)
	at com.planifai.view.MainFrameTest.testOnAulaChanged(MainFrameTest.java:96)
	at java.base/java.lang.reflect.Method.invoke(Method.java:580)
	at java.base/java.util.ArrayList.forEach(ArrayList.java:1596)
	at java.base/java.util.ArrayList.forEach(ArrayList.java:1596)
]]></failure>
    <system-out><![CDATA[Conexión exitosa a la base de datos
Conexión exitosa a la base de datos
Cantidad de eventos obtenidos: 5
Documento: Plan de clase de matemáticas
Documento: Evaluación de historia
Documento: Plan de clase de matemáticas
Documento: Evaluación de historia
Documento: Título del Documento 1
Conexión exitosa a la base de datos
Cantidad de eventos obtenidos: 1
Evento: Reunión de coordinación
Conexión exitosa a la base de datos
Cantidad de eventos obtenidos: 5
Documento: Plan de clase de matemáticas
Documento: Evaluación de historia
Documento: Plan de clase de matemáticas
Documento: Evaluación de historia
Documento: Título del Documento 1
Conexión exitosa a la base de datos
Cantidad de eventos obtenidos: 1
Evento: Reunión de coordinación
Conexión exitosa a la base de datos
Cantidad de eventos obtenidos: 5
Documento: Plan de clase de matemáticas
Documento: Evaluación de historia
Documento: Plan de clase de matemáticas
Documento: Evaluación de historia
Documento: Título del Documento 1
Conexión exitosa a la base de datos
Cantidad de eventos obtenidos: 1
Evento: Reunión de coordinación
Conexión exitosa a la base de datos
Evento: Reunión de coordinación
Conexión exitosa a la base de datos
Documento: Plan de clase de matemáticas
Documento: Evaluación de historia
Documento: Plan de clase de matemáticas
Documento: Evaluación de historia
Documento: Título del Documento 1
onAulaChanged
Conexión exitosa a la base de datos
Conexión exitosa a la base de datos
Cantidad de eventos obtenidos: 5
Documento: Plan de clase de matemáticas
Documento: Evaluación de historia
Documento: Plan de clase de matemáticas
Documento: Evaluación de historia
Documento: Título del Documento 1
Conexión exitosa a la base de datos
Cantidad de eventos obtenidos: 1
Evento: Reunión de coordinación
Conexión exitosa a la base de datos
Cantidad de eventos obtenidos: 5
Documento: Plan de clase de matemáticas
Documento: Evaluación de historia
Documento: Plan de clase de matemáticas
Documento: Evaluación de historia
Documento: Título del Documento 1
Conexión exitosa a la base de datos
Cantidad de eventos obtenidos: 1
Evento: Reunión de coordinación
Conexión exitosa a la base de datos
Cantidad de eventos obtenidos: 5
Documento: Plan de clase de matemáticas
Documento: Evaluación de historia
Documento: Plan de clase de matemáticas
Documento: Evaluación de historia
Documento: Título del Documento 1
Conexión exitosa a la base de datos
Cantidad de eventos obtenidos: 1
Evento: Reunión de coordinación
Conexión exitosa a la base de datos
Evento: Reunión de coordinación
Conexión exitosa a la base de datos
Documento: Plan de clase de matemáticas
Documento: Evaluación de historia
Documento: Plan de clase de matemáticas
Documento: Evaluación de historia
Documento: Título del Documento 1
Conexión exitosa a la base de datos
Conexión exitosa a la base de datos
Cantidad de eventos obtenidos: 5
Documento: Plan de clase de matemáticas
Documento: Evaluación de historia
Documento: Plan de clase de matemáticas
Documento: Evaluación de historia
Documento: Título del Documento 1
Conexión exitosa a la base de datos
Cantidad de eventos obtenidos: 1
Evento: Reunión de coordinación
Conexión exitosa a la base de datos
Cantidad de eventos obtenidos: 5
Documento: Plan de clase de matemáticas
Documento: Evaluación de historia
Documento: Plan de clase de matemáticas
Documento: Evaluación de historia
Documento: Título del Documento 1
Conexión exitosa a la base de datos
Cantidad de eventos obtenidos: 1
Evento: Reunión de coordinación
Conexión exitosa a la base de datos
Cantidad de eventos obtenidos: 5
Documento: Plan de clase de matemáticas
Documento: Evaluación de historia
Documento: Plan de clase de matemáticas
Documento: Evaluación de historia
Documento: Título del Documento 1
Conexión exitosa a la base de datos
Cantidad de eventos obtenidos: 1
Evento: Reunión de coordinación
]]></system-out>
  </testcase>
</testsuite>